Connecting to database specified by database.yml


Started GET "/assets/rails.png" for 127.0.0.1 at 2013-06-18 11:02:11 +0100
Served asset /rails.png - 200 OK (3ms)
Connecting to database specified by database.yml


Started GET "/home/index" for 127.0.0.1 at 2013-06-18 12:48:37 +0100
Processing by HomeController#index as HTML
  Rendered home/index.html.erb within layouts/application (2.3ms)
Compiled home.css  (5ms)  (pid 1551)
Compiled application.css  (10ms)  (pid 1551)
Compiled jquery.js  (13ms)  (pid 1551)
Compiled jquery_ujs.js  (0ms)  (pid 1551)
Compiled home.js  (101ms)  (pid 1551)
Compiled application.js  (134ms)  (pid 1551)
Completed 200 OK in 202ms (Views: 201.4ms | ActiveRecord: 0.0ms)


Started GET "/assets/rails.png" for 127.0.0.1 at 2013-06-18 12:49:43 +0100
Served asset /rails.png - 304 Not Modified (0ms)


Started GET "/home/index" for 127.0.0.1 at 2013-06-18 12:49:49 +0100
Processing by HomeController#index as HTML
  Rendered home/index.html.erb within layouts/application (0.0ms)
Completed 200 OK in 10ms (Views: 10.3ms | ActiveRecord: 0.0ms)


Started GET "/" for 127.0.0.1 at 2013-06-18 12:51:58 +0100

ActionController::RoutingError (No route matches [GET] "/"):
  actionpack (3.2.13) lib/action_dispatch/middleware/debug_exceptions.rb:21:in `call'
  actionpack (3.2.13) lib/action_dispatch/middleware/show_exceptions.rb:56:in `call'
  railties (3.2.13) lib/rails/rack/logger.rb:32:in `call_app'
  railties (3.2.13) lib/rails/rack/logger.rb:16:in `block in call'
  activesupport (3.2.13) lib/active_support/tagged_logging.rb:22:in `tagged'
  railties (3.2.13) lib/rails/rack/logger.rb:16:in `call'
  actionpack (3.2.13) lib/action_dispatch/middleware/request_id.rb:22:in `call'
  rack (1.4.5) lib/rack/methodoverride.rb:21:in `call'
  rack (1.4.5) lib/rack/runtime.rb:17:in `call'
  activesupport (3.2.13) lib/active_support/cache/strategy/local_cache.rb:72:in `call'
  rack (1.4.5) lib/rack/lock.rb:15:in `call'
  actionpack (3.2.13) lib/action_dispatch/middleware/static.rb:63:in `call'
  railties (3.2.13) lib/rails/engine.rb:479:in `call'
  railties (3.2.13) lib/rails/application.rb:223:in `call'
  rack (1.4.5) lib/rack/content_length.rb:14:in `call'
  railties (3.2.13) lib/rails/rack/log_tailer.rb:17:in `call'
  rack (1.4.5) lib/rack/handler/webrick.rb:59:in `service'
  /home/nicktune/.rvm/rubies/ruby-1.9.3-p429/lib/ruby/1.9.1/webrick/httpserver.rb:138:in `service'
  /home/nicktune/.rvm/rubies/ruby-1.9.3-p429/lib/ruby/1.9.1/webrick/httpserver.rb:94:in `run'
  /home/nicktune/.rvm/rubies/ruby-1.9.3-p429/lib/ruby/1.9.1/webrick/server.rb:191:in `block in start_thread'


  Rendered /home/nicktune/.rvm/rubies/ruby-1.9.3-p429/lib/ruby/gems/1.9.1/gems/actionpack-3.2.13/lib/action_dispatch/middleware/templates/rescues/routing_error.erb within rescues/layout (0.9ms)


Started GET "/home" for 127.0.0.1 at 2013-06-18 12:52:02 +0100

ActionController::RoutingError (No route matches [GET] "/home"):
  actionpack (3.2.13) lib/action_dispatch/middleware/debug_exceptions.rb:21:in `call'
  actionpack (3.2.13) lib/action_dispatch/middleware/show_exceptions.rb:56:in `call'
  railties (3.2.13) lib/rails/rack/logger.rb:32:in `call_app'
  railties (3.2.13) lib/rails/rack/logger.rb:16:in `block in call'
  activesupport (3.2.13) lib/active_support/tagged_logging.rb:22:in `tagged'
  railties (3.2.13) lib/rails/rack/logger.rb:16:in `call'
  actionpack (3.2.13) lib/action_dispatch/middleware/request_id.rb:22:in `call'
  rack (1.4.5) lib/rack/methodoverride.rb:21:in `call'
  rack (1.4.5) lib/rack/runtime.rb:17:in `call'
  activesupport (3.2.13) lib/active_support/cache/strategy/local_cache.rb:72:in `call'
  rack (1.4.5) lib/rack/lock.rb:15:in `call'
  actionpack (3.2.13) lib/action_dispatch/middleware/static.rb:63:in `call'
  railties (3.2.13) lib/rails/engine.rb:479:in `call'
  railties (3.2.13) lib/rails/application.rb:223:in `call'
  rack (1.4.5) lib/rack/content_length.rb:14:in `call'
  railties (3.2.13) lib/rails/rack/log_tailer.rb:17:in `call'
  rack (1.4.5) lib/rack/handler/webrick.rb:59:in `service'
  /home/nicktune/.rvm/rubies/ruby-1.9.3-p429/lib/ruby/1.9.1/webrick/httpserver.rb:138:in `service'
  /home/nicktune/.rvm/rubies/ruby-1.9.3-p429/lib/ruby/1.9.1/webrick/httpserver.rb:94:in `run'
  /home/nicktune/.rvm/rubies/ruby-1.9.3-p429/lib/ruby/1.9.1/webrick/server.rb:191:in `block in start_thread'


  Rendered /home/nicktune/.rvm/rubies/ruby-1.9.3-p429/lib/ruby/gems/1.9.1/gems/actionpack-3.2.13/lib/action_dispatch/middleware/templates/rescues/routing_error.erb within rescues/layout (0.5ms)


Started GET "/" for 127.0.0.1 at 2013-06-18 12:53:15 +0100
Processing by HomeController#index as HTML
  Rendered home/index.html.erb within layouts/application (0.0ms)
Completed 200 OK in 8ms (Views: 7.3ms | ActiveRecord: 0.0ms)


Started GET "/" for 127.0.0.1 at 2013-06-18 12:53:17 +0100
Processing by HomeController#index as HTML
  Rendered home/index.html.erb within layouts/application (0.0ms)
Completed 200 OK in 10ms (Views: 10.0ms | ActiveRecord: 0.0ms)


Started GET "/" for 127.0.0.1 at 2013-06-18 12:53:18 +0100
Processing by HomeController#index as HTML
  Rendered home/index.html.erb within layouts/application (0.0ms)
Completed 200 OK in 13ms (Views: 13.0ms | ActiveRecord: 0.0ms)


Started GET "/" for 127.0.0.1 at 2013-06-18 12:53:18 +0100
Processing by HomeController#index as HTML
  Rendered home/index.html.erb within layouts/application (0.0ms)
Completed 200 OK in 13ms (Views: 13.0ms | ActiveRecord: 0.0ms)


Started GET "/" for 127.0.0.1 at 2013-06-18 12:53:18 +0100
Processing by HomeController#index as HTML
  Rendered home/index.html.erb within layouts/application (0.0ms)
Completed 200 OK in 7ms (Views: 6.6ms | ActiveRecord: 0.0ms)


Started GET "/" for 127.0.0.1 at 2013-06-18 12:53:18 +0100
DEPRECATION WARNING: Database connections will not be closed automatically, please close your
database connection at the end of the thread by calling `close` on your
connection.  For example: ActiveRecord::Base.connection.close
. (called from mon_synchronize at /home/nicktune/.rvm/rubies/ruby-1.9.3-p429/lib/ruby/1.9.1/monitor.rb:211)
DEPRECATION WARNING: Database connections will not be closed automatically, please close your
database connection at the end of the thread by calling `close` on your
connection.  For example: ActiveRecord::Base.connection.close
. (called from mon_synchronize at /home/nicktune/.rvm/rubies/ruby-1.9.3-p429/lib/ruby/1.9.1/monitor.rb:211)
DEPRECATION WARNING: Database connections will not be closed automatically, please close your
database connection at the end of the thread by calling `close` on your
connection.  For example: ActiveRecord::Base.connection.close
. (called from mon_synchronize at /home/nicktune/.rvm/rubies/ruby-1.9.3-p429/lib/ruby/1.9.1/monitor.rb:211)
DEPRECATION WARNING: Database connections will not be closed automatically, please close your
database connection at the end of the thread by calling `close` on your
connection.  For example: ActiveRecord::Base.connection.close
. (called from mon_synchronize at /home/nicktune/.rvm/rubies/ruby-1.9.3-p429/lib/ruby/1.9.1/monitor.rb:211)
DEPRECATION WARNING: Database connections will not be closed automatically, please close your
database connection at the end of the thread by calling `close` on your
connection.  For example: ActiveRecord::Base.connection.close
. (called from mon_synchronize at /home/nicktune/.rvm/rubies/ruby-1.9.3-p429/lib/ruby/1.9.1/monitor.rb:211)
Processing by HomeController#index as HTML
  Rendered home/index.html.erb within layouts/application (0.0ms)
Completed 200 OK in 13ms (Views: 13.1ms | ActiveRecord: 0.0ms)


Started GET "/" for 127.0.0.1 at 2013-06-18 12:53:23 +0100
Processing by HomeController#index as HTML
  Rendered home/index.html.erb within layouts/application (0.0ms)
Completed 200 OK in 11ms (Views: 11.3ms | ActiveRecord: 0.0ms)
Connecting to database specified by database.yml


Started GET "/" for 127.0.0.1 at 2013-06-18 12:54:34 +0100
Processing by HomeController#index as HTML
  Rendered home/index.html.erb within layouts/application (2.0ms)
Completed 200 OK in 32ms (Views: 32.0ms | ActiveRecord: 0.0ms)


Started GET "/assets/application.css?body=1" for 127.0.0.1 at 2013-06-18 12:54:34 +0100
Served asset /application.css - 200 OK (8ms)


Started GET "/assets/home.css?body=1" for 127.0.0.1 at 2013-06-18 12:54:34 +0100
Served asset /home.css - 200 OK (2ms)


Started GET "/assets/jquery_ujs.js?body=1" for 127.0.0.1 at 2013-06-18 12:54:34 +0100
Served asset /jquery_ujs.js - 200 OK (2ms)


Started GET "/assets/jquery.js?body=1" for 127.0.0.1 at 2013-06-18 12:54:34 +0100
Served asset /jquery.js - 200 OK (3ms)


Started GET "/assets/application.js?body=1" for 127.0.0.1 at 2013-06-18 12:54:34 +0100
Served asset /application.js - 200 OK (6ms)


Started GET "/assets/home.js?body=1" for 127.0.0.1 at 2013-06-18 12:54:34 +0100
Served asset /home.js - 200 OK (1ms)
Connecting to database specified by database.yml


Started GET "/" for 127.0.0.1 at 2013-06-18 13:01:57 +0100
Processing by HomeController#index as HTML
  Rendered home/index.html.erb within layouts/application (0.5ms)
Compiled job_listings.css  (5ms)  (pid 3135)
Compiled scaffolds.css  (8ms)  (pid 3135)
Compiled application.css  (35ms)  (pid 3135)
Compiled job_listings.js  (99ms)  (pid 3135)
Compiled application.js  (110ms)  (pid 3135)
Completed 200 OK in 173ms (Views: 172.8ms | ActiveRecord: 0.0ms)


Started GET "/assets/job_listings.css?body=1" for 127.0.0.1 at 2013-06-18 13:01:57 +0100
Served asset /job_listings.css - 200 OK (6ms)


Started GET "/assets/scaffolds.css?body=1" for 127.0.0.1 at 2013-06-18 13:01:57 +0100
Served asset /scaffolds.css - 200 OK (6ms)


Started GET "/assets/job_listings.js?body=1" for 127.0.0.1 at 2013-06-18 13:01:57 +0100
Served asset /job_listings.js - 200 OK (1ms)


Started GET "/assets/application.css?body=1" for 127.0.0.1 at 2013-06-18 13:01:57 +0100
Served asset /application.css - 304 Not Modified (8ms)


Started GET "/assets/home.css?body=1" for 127.0.0.1 at 2013-06-18 13:01:57 +0100
Served asset /home.css - 304 Not Modified (0ms)


Started GET "/assets/jquery_ujs.js?body=1" for 127.0.0.1 at 2013-06-18 13:01:57 +0100
Served asset /jquery_ujs.js - 304 Not Modified (0ms)


Started GET "/assets/jquery.js?body=1" for 127.0.0.1 at 2013-06-18 13:01:57 +0100
Served asset /jquery.js - 304 Not Modified (1ms)


Started GET "/assets/home.js?body=1" for 127.0.0.1 at 2013-06-18 13:01:57 +0100
Served asset /home.js - 304 Not Modified (0ms)


Started GET "/assets/application.js?body=1" for 127.0.0.1 at 2013-06-18 13:01:57 +0100
Served asset /application.js - 304 Not Modified (8ms)


Started GET "/job_listings" for 127.0.0.1 at 2013-06-18 13:02:01 +0100
Processing by JobListingsController#index as HTML
Completed 500 Internal Server Error in 27ms

ActiveRecord::StatementInvalid (Could not find table 'job_listings'):
  app/controllers/job_listings_controller.rb:5:in `index'


  Rendered /home/nicktune/.rvm/rubies/ruby-1.9.3-p429/lib/ruby/gems/1.9.1/gems/actionpack-3.2.13/lib/action_dispatch/middleware/templates/rescues/_trace.erb (0.8ms)
  Rendered /home/nicktune/.rvm/rubies/ruby-1.9.3-p429/lib/ruby/gems/1.9.1/gems/actionpack-3.2.13/lib/action_dispatch/middleware/templates/rescues/_request_and_response.erb (0.6ms)
  Rendered /home/nicktune/.rvm/rubies/ruby-1.9.3-p429/lib/ruby/gems/1.9.1/gems/actionpack-3.2.13/lib/action_dispatch/middleware/templates/rescues/diagnostics.erb within rescues/layout (5.8ms)
